<?xml version="1.0" encoding="UTF-8"?>
<testsuites name="jest tests" tests="37" failures="0" errors="0" time="19.077">
  <testsuite name="Auth API Tests" errors="0" failures="0" skipped="0" timestamp="2025-01-23T20:58:53" time="6.781" tests="18">
    <testcase classname="Auth API Tests Register a new user" name="Auth API Tests Register a new user" time="0.208">
    </testcase>
    <testcase classname="Auth API Tests Register with missing fields" name="Auth API Tests Register with missing fields" time="0.009">
    </testcase>
    <testcase classname="Auth API Tests Register with invalid email format" name="Auth API Tests Register with invalid email format" time="0.006">
    </testcase>
    <testcase classname="Auth API Tests Register with a short password" name="Auth API Tests Register with a short password" time="0.006">
    </testcase>
    <testcase classname="Auth API Tests Register with an already registered email" name="Auth API Tests Register with an already registered email" time="0.098">
    </testcase>
    <testcase classname="Auth API Tests Login with valid credentials" name="Auth API Tests Login with valid credentials" time="0.186">
    </testcase>
    <testcase classname="Auth API Tests Login with missing fields" name="Auth API Tests Login with missing fields" time="0.005">
    </testcase>
    <testcase classname="Auth API Tests Login with unregistered email" name="Auth API Tests Login with unregistered email" time="0.006">
    </testcase>
    <testcase classname="Auth API Tests Login with invalid credentials" name="Auth API Tests Login with invalid credentials" time="0.007">
    </testcase>
    <testcase classname="Auth API Tests Register with an already registered username" name="Auth API Tests Register with an already registered username" time="0.093">
    </testcase>
    <testcase classname="Auth API Tests Login with incorrect password" name="Auth API Tests Login with incorrect password" time="0.161">
    </testcase>
    <testcase classname="Auth API Tests Login with missing email" name="Auth API Tests Login with missing email" time="0.011">
    </testcase>
    <testcase classname="Auth API Tests Login with missing password" name="Auth API Tests Login with missing password" time="0.008">
    </testcase>
    <testcase classname="Auth API Tests Register with an empty username" name="Auth API Tests Register with an empty username" time="0.009">
    </testcase>
    <testcase classname="Auth API Tests Register with an empty email" name="Auth API Tests Register with an empty email" time="0.009">
    </testcase>
    <testcase classname="Auth API Tests Register with an empty password" name="Auth API Tests Register with an empty password" time="0.008">
    </testcase>
    <testcase classname="Auth API Tests Logout user and cancel the token" name="Auth API Tests Logout user and cancel the token" time="0.239">
    </testcase>
    <testcase classname="Auth API Tests Attempt to perform action with blacklisted access token" name="Auth API Tests Attempt to perform action with blacklisted access token" time="0.224">
    </testcase>
  </testsuite>
  <testsuite name="Comments API Tests" errors="0" failures="0" skipped="0" timestamp="2025-01-23T20:59:00" time="4.282" tests="5">
    <testcase classname="Comments API Tests Add a comment to a valid post" name="Comments API Tests Add a comment to a valid post" time="0.212">
    </testcase>
    <testcase classname="Comments API Tests Get all comments for a post" name="Comments API Tests Get all comments for a post" time="0.201">
    </testcase>
    <testcase classname="Comments API Tests Get a comment by ID" name="Comments API Tests Get a comment by ID" time="0.203">
    </testcase>
    <testcase classname="Comments API Tests Update an existing comment" name="Comments API Tests Update an existing comment" time="0.195">
    </testcase>
    <testcase classname="Comments API Tests Delete a comment" name="Comments API Tests Delete a comment" time="0.204">
    </testcase>
  </testsuite>
  <testsuite name="Users API Tests" errors="0" failures="0" skipped="0" timestamp="2025-01-23T20:59:04" time="3.601" tests="9">
    <testcase classname="Users API Tests Register a new user" name="Users API Tests Register a new user" time="0.156">
    </testcase>
    <testcase classname="Users API Tests Login a user" name="Users API Tests Login a user" time="0.224">
    </testcase>
    <testcase classname="Users API Tests Fail to login with invalid credentials" name="Users API Tests Fail to login with invalid credentials" time="0.011">
    </testcase>
    <testcase classname="Users API Tests Get user details" name="Users API Tests Get user details" time="0.259">
    </testcase>
    <testcase classname="Users API Tests Update user details" name="Users API Tests Update user details" time="0.25">
    </testcase>
    <testcase classname="Users API Tests Delete user" name="Users API Tests Delete user" time="0.229">
    </testcase>
    <testcase classname="Create User API Tests Create a new user successfully" name="Create User API Tests Create a new user successfully" time="0.095">
    </testcase>
    <testcase classname="Create User API Tests Fail to create a user with missing fields" name="Create User API Tests Fail to create a user with missing fields" time="0.01">
    </testcase>
    <testcase classname="Create User API Tests Fail to create a user with invalid email" name="Create User API Tests Fail to create a user with invalid email" time="0.011">
    </testcase>
  </testsuite>
  <testsuite name="Posts API Tests" errors="0" failures="0" skipped="0" timestamp="2025-01-23T20:59:08" time="4.126" tests="5">
    <testcase classname="Posts API Tests Create a new post" name="Posts API Tests Create a new post" time="0.196">
    </testcase>
    <testcase classname="Posts API Tests Get all posts" name="Posts API Tests Get all posts" time="0.192">
    </testcase>
    <testcase classname="Posts API Tests Get a post by ID" name="Posts API Tests Get a post by ID" time="0.184">
    </testcase>
    <testcase classname="Posts API Tests Update a post" name="Posts API Tests Update a post" time="0.196">
    </testcase>
    <testcase classname="Posts API Tests Delete a post" name="Posts API Tests Delete a post" time="0.179">
    </testcase>
  </testsuite>
</testsuites>